<?xml version="1.0" encoding="UTF-8"?>
<testng-results ignored="0" total="1" passed="1" failed="0" skipped="0">
  <reporter-output>
  </reporter-output>
  <suite started-at="2022-05-23T20:44:10 IST" name="Default suite" finished-at="2022-05-23T20:44:23 IST" duration-ms="13258">
    <groups>
    </groups>
    <test started-at="2022-05-23T20:44:10 IST" name="Default test" finished-at="2022-05-23T20:44:23 IST" duration-ms="13258">
      <class name="SmallTestexams.FileDownLoad2">
        <test-method signature="filedown()[pri:0, instance:SmallTestexams.FileDownLoad2@485966cc]" started-at="2022-05-23T20:44:10 IST" name="filedown" finished-at="2022-05-23T20:44:23 IST" duration-ms="13233" status="PASS">
          <reporter-output>
          </reporter-output>
        </test-method> <!-- filedown -->
      </class> <!-- SmallTestexams.FileDownLoad2 -->
    </test> <!-- Default test -->
  </suite> <!-- Default suite -->
</testng-results>
